<?xml version="1.0" encoding="UTF-8"?>
<testsuite name="CDTest" tests="6" skipped="0" failures="0" errors="0" timestamp="2016-04-27T17:56:40" hostname="epicodus-38.local" time="0.003">
  <properties/>
  <testcase name="CD_returnsAllCDsOfArtist_true" classname="CDTest" time="0.002"/>
  <testcase name="CD_returnsAllInstancesOfArtist_true" classname="CDTest" time="0.0"/>
  <testcase name="CD_InstanceOfCD_True" classname="CDTest" time="0.0"/>
  <testcase name="CD_UpdatesArtistName" classname="CDTest" time="0.0"/>
  <testcase name="CD_returnsAllInstancesOfCD_true" classname="CDTest" time="0.0"/>
  <testcase name="CD_ReturnTitle" classname="CDTest" time="0.0"/>
  <system-out><![CDATA[CD@780f71fc
]]></system-out>
  <system-err><![CDATA[]]></system-err>
</testsuite>
